19:16:36 **** Rebuild of configuration Debug for project 1-08 ****
Info: Internal Builder is used for build
gcc -O0 -g3 -Wall -c -fmessage-length=0 -o 1-08.o "..\\1-08.c" 
gcc -o 1-08.exe 1-08.o 
c:/mingw/bin/../lib/gcc/mingw32/6.3.0/../../../libmingw32.a(main.o):(.text.startup+0xa0): undefined reference to `WinMain@16'
collect2.exe: error: ld returned 1 exit status
19:16:54 **** Incremental Build of configuration Debug for project 1-08 ****
Info: Internal Builder is used for build
gcc -O0 -g3 -Wall -c -fmessage-length=0 -o 1-08.o "..\\1-08.c" 
gcc -o 1-08.exe 1-08.o 
19:18:00 **** Incremental Build of configuration Debug for project 1-08 ****
Info: Internal Builder is used for build
gcc -O0 -g3 -Wall -c -fmessage-length=0 -o 1-08.o "..\\1-08.c" 
..\1-08.c: In function 'main':
..\1-08.c:13:16: error: expected ')' before 'c'
   printf("%c," c);
                ^
..\1-08.c:13:12: warning: format '%c' expects a matching 'int' argument [-Wformat=]
   printf("%c," c);
            ^
19:18:10 **** Incremental Build of configuration Debug for project 1-08 ****
Info: Internal Builder is used for build
gcc -O0 -g3 -Wall -c -fmessage-length=0 -o 1-08.o "..\\1-08.c" 
..\1-08.c: In function 'main':
..\1-08.c:13:16: error: expected ')' before 'c'
   printf("%c," c);
                ^
..\1-08.c:13:12: warning: format '%c' expects a matching 'int' argument [-Wformat=]
   printf("%c," c);
            ^
19:18:11 **** Incremental Build of configuration Debug for project 1-08 ****
Info: Internal Builder is used for build
gcc -O0 -g3 -Wall -c -fmessage-length=0 -o 1-08.o "..\\1-08.c" 
gcc -o 1-08.exe 1-08.o 
c:/mingw/bin/../lib/gcc/mingw32/6.3.0/../../../../mingw32/bin/ld.exe: cannot open output file 1-08.exe: Permission denied
collect2.exe: error: ld returned 1 exit status
19:18:18 **** Incremental Build of configuration Debug for project 1-08 ****
Info: Internal Builder is used for build
gcc -o 1-08.exe 1-08.o 
19:20:02 **** Incremental Build of configuration Debug for project 1-08 ****
Info: Internal Builder is used for build
gcc -O0 -g3 -Wall -c -fmessage-length=0 -o 1-08.o "..\\1-08.c" 
..\1-08.c: In function 'main':
..\1-08.c:17:15: error: expected ')' before 'c'
   printf("%c" c);
               ^
..\1-08.c:17:12: warning: format '%c' expects a matching 'int' argument [-Wformat=]
   printf("%c" c);
            ^
19:20:11 **** Incremental Build of configuration Debug for project 1-08 ****
Info: Internal Builder is used for build
gcc -O0 -g3 -Wall -c -fmessage-length=0 -o 1-08.o "..\\1-08.c" 
gcc -o 1-08.exe 1-08.o 
19:20:55 **** Incremental Build of configuration Debug for project 1-08 ****
Info: Internal Builder is used for build
gcc -O0 -g3 -Wall -c -fmessage-length=0 -o 1-08.o "..\\1-08.c" 
gcc -o 1-08.exe 1-08.o 
Info: Nothing to build for 1-08
19:26:06 **** Incremental Build of configuration Debug for project 1-08 ****
Info: Internal Builder is used for build
gcc -O0 -g3 -Wall -c -fmessage-length=0 -o 1-08.o "..\\1-08.c" 
..\1-08.c: In function 'main':
..\1-08.c:11:19: warning: unknown escape sequence: '\C'
  FILE *fp = fopen("T:\take\CP*\Ch1\1-08\test.txt", "r");
                   ^~~~~~~~~~~~~~~~~~~~~~~~~~~~~~~
..\1-08.c:11:19: warning: unknown escape sequence: '\C'
gcc -o 1-08.exe 1-08.o 
19:26:23 **** Incremental Build of configuration Debug for project 1-08 ****
Info: Internal Builder is used for build
gcc -O0 -g3 -Wall -c -fmessage-length=0 -o 1-08.o "..\\1-08.c" 
gcc -o 1-08.exe 1-08.o 
19:27:23 **** Incremental Build of configuration Debug for project 1-08 ****
Info: Internal Builder is used for build
gcc -O0 -g3 -Wall -c -fmessage-length=0 -o 1-08.o "..\\1-08.c" 
gcc -o 1-08.exe 1-08.o 
19:38:55 **** Rebuild of configuration Debug for project 1-03 ****
Info: Internal Builder is used for build
gcc -O0 -g3 -Wall -c -fmessage-length=0 -o 1-03.o "..\\1-03.c" 
..\1-03.c:7:1: warning: return type defaults to 'int' [-Wimplicit-int]
 main() {
 ^~~~
gcc -o 1-03.exe 1-03.o 
Info: Nothing to build for 1-08
Info: Nothing to build for 1-03
19:41:34 **** Incremental Build of configuration Debug for project 1-03 ****
Info: Internal Builder is used for build
gcc -O0 -g3 -Wall -c -fmessage-length=0 -o 1-03.o "..\\1-03.c" 
..\1-03.c:7:1: warning: return type defaults to 'int' [-Wimplicit-int]
 main() {
 ^~~~
gcc -o 1-03.exe 1-03.o 
Info: Nothing to build for 1-08
Info: Nothing to build for 1-03
19:41:51 **** Incremental Build of configuration Debug for project 1-03 ****
Info: Internal Builder is used for build
gcc -O0 -g3 -Wall -c -fmessage-length=0 -o 1-03.o "..\\1-03.c" 
..\1-03.c:7:1: warning: return type defaults to 'int' [-Wimplicit-int]
 main() {
 ^~~~
gcc -o 1-03.exe 1-03.o 
Info: Nothing to build for 1-08
Info: Nothing to build for 1-03
Info: Nothing to build for 1-03
19:47:47 **** Rebuild of configuration Debug for project 1-04 ****
Info: Internal Builder is used for build
gcc -O0 -g3 -Wall -c -fmessage-length=0 -o 1-04.o "..\\1-04.c" 
..\1-04.c:6:19: warning: extra tokens at end of #include directive
 #include <stdio.h>;
                   ^
gcc -o 1-04.exe 1-04.o 
Info: Nothing to build for 1-08
Info: Nothing to build for 1-03
19:48:58 **** Incremental Build of configuration Debug for project 1-04 ****
Info: Internal Builder is used for build
gcc -O0 -g3 -Wall -c -fmessage-length=0 -o 1-04.o "..\\1-04.c" 
gcc -o 1-04.exe 1-04.o 
Info: Nothing to build for 1-08
Info: Nothing to build for 1-04
Info: Nothing to build for 1-03
19:49:37 **** Incremental Build of configuration Debug for project 1-04 ****
Info: Internal Builder is used for build
gcc -O0 -g3 -Wall -c -fmessage-length=0 -o 1-04.o "..\\1-04.c" 
gcc -o 1-04.exe 1-04.o 
Info: Nothing to build for 1-08
Info: Nothing to build for 1-04
19:50:14 **** Incremental Build of configuration Debug for project 1-03 ****
Info: Internal Builder is used for build
gcc -O0 -g3 -Wall -c -fmessage-length=0 -o 1-03.o "..\\1-03.c" 
..\1-03.c:7:1: warning: return type defaults to 'int' [-Wimplicit-int]
 main() {
 ^~~~
gcc -o 1-03.exe 1-03.o 
19:50:17 **** Incremental Build of configuration Debug for project 1-04 ****
Info: Internal Builder is used for build
gcc -O0 -g3 -Wall -c -fmessage-length=0 -o 1-04.o "..\\1-04.c" 
gcc -o 1-04.exe 1-04.o 
Info: Nothing to build for 1-08
Info: Nothing to build for 1-03
Info: Nothing to build for 1-04
19:51:53 **** Rebuild of configuration Debug for project 1-05 ****
Info: Internal Builder is used for build
gcc -O0 -g3 -Wall -c -fmessage-length=0 -o 1-05.o "..\\1-05.c" 
..\1-05.c:3:1: warning: return type defaults to 'int' [-Wimplicit-int]
 main() {
 ^~~~
gcc -o 1-05.exe 1-05.o 
Info: Nothing to build for 1-08
Info: Nothing to build for 1-05
Info: Nothing to build for 1-03
Info: Nothing to build for 1-04
19:52:38 **** Incremental Build of configuration Debug for project 1-05 ****
Info: Internal Builder is used for build
gcc -O0 -g3 -Wall -c -fmessage-length=0 -o 1-05.o "..\\1-05.c" 
..\1-05.c:3:1: warning: return type defaults to 'int' [-Wimplicit-int]
 main() {
 ^~~~
gcc -o 1-05.exe 1-05.o 
Info: Nothing to build for 1-08
Info: Nothing to build for 1-05
Info: Nothing to build for 1-03
Info: Nothing to build for 1-04
Info: Nothing to build for 1-05
19:54:46 **** Rebuild of configuration Debug for project 1-07 ****
Info: Internal Builder is used for build
gcc -O0 -g3 -Wall -c -fmessage-length=0 -o 1-07.o "..\\1-07.c" 
gcc -o 1-07.exe 1-07.o 
c:/mingw/bin/../lib/gcc/mingw32/6.3.0/../../../libmingw32.a(main.o):(.text.startup+0xa0): undefined reference to `WinMain@16'
collect2.exe: error: ld returned 1 exit status
Info: Nothing to build for 1-08
Info: Nothing to build for 1-03
Info: Nothing to build for 1-04
Info: Nothing to build for 1-05
19:56:49 **** Incremental Build of configuration Debug for project 1-07 ****
Info: Internal Builder is used for build
gcc -O0 -g3 -Wall -c -fmessage-length=0 -o 1-07.o "..\\1-07.c" 
gcc -o 1-07.exe 1-07.o 
Info: Nothing to build for 1-08
Info: Nothing to build for 1-07
Info: Nothing to build for 1-03
Info: Nothing to build for 1-04
Info: Nothing to build for 1-05
19:57:03 **** Incremental Build of configuration Debug for project 1-07 ****
Info: Internal Builder is used for build
gcc -O0 -g3 -Wall -c -fmessage-length=0 -o 1-07.o "..\\1-07.c" 
..\1-07.c: In function 'main':
..\1-07.c:5:6: warning: unused variable 'c' [-Wunused-variable]
  int c = EOF;
      ^
gcc -o 1-07.exe 1-07.o 
Info: Nothing to build for 1-08
Info: Nothing to build for 1-03
Info: Nothing to build for 1-04
Info: Nothing to build for 1-05
19:57:13 **** Incremental Build of configuration Debug for project 1-07 ****
Info: Internal Builder is used for build
gcc -O0 -g3 -Wall -c -fmessage-length=0 -o 1-07.o "..\\1-07.c" 
gcc -o 1-07.exe 1-07.o 
Info: Nothing to build for 1-08
Info: Nothing to build for 1-07
Info: Nothing to build for 1-03
Info: Nothing to build for 1-04
Info: Nothing to build for 1-05
19:57:32 **** Incremental Build of configuration Debug for project 1-07 ****
Info: Internal Builder is used for build
gcc -O0 -g3 -Wall -c -fmessage-length=0 -o 1-07.o "..\\1-07.c" 
gcc -o 1-07.exe 1-07.o 
Info: Nothing to build for 1-08
Info: Nothing to build for 1-07
Info: Nothing to build for 1-03
Info: Nothing to build for 1-04
Info: Nothing to build for 1-05
Info: Nothing to build for 1-07
Info: Nothing to build for 1-08
20:18:47 **** Rebuild of configuration Debug for project 1-12 ****
Info: Internal Builder is used for build
gcc -O0 -g3 -Wall -c -fmessage-length=0 -o 1-12.o "..\\1-12.c" 
..\1-12.c: In function 'main':
..\1-12.c:11:14: warning: format '%n' expects argument of type 'int *', but argument 2 has type 'int' [-Wformat=]
     printf("%n", c);
              ^
..\1-12.c:20:22: warning: format '%s' expects argument of type 'char *', but argument 3 has type 'char **' [-Wformat=]
  while (fscanf(fp, "%s", &buff) != EOF) {
                      ^
..\1-12.c:21:12: warning: format '%s' expects argument of type 'char *', but argument 2 has type 'char **' [-Wformat=]
   printf("%s\n", &buff);
            ^
gcc -o 1-12.exe 1-12.o 
Info: Nothing to build for 1-03
Info: Nothing to build for 1-04
Info: Nothing to build for 1-05
Info: Nothing to build for 1-07
Info: Nothing to build for 1-08
20:19:43 **** Incremental Build of configuration Debug for project 1-12 ****
Info: Internal Builder is used for build
gcc -O0 -g3 -Wall -c -fmessage-length=0 -o 1-12.o "..\\1-12.c" 
gcc -o 1-12.exe 1-12.o 
Info: Nothing to build for 1-12
Info: Nothing to build for 1-03
Info: Nothing to build for 1-04
Info: Nothing to build for 1-05
Info: Nothing to build for 1-07
Info: Nothing to build for 1-08
20:20:40 **** Incremental Build of configuration Debug for project 1-12 ****
Info: Internal Builder is used for build
gcc -O0 -g3 -Wall -c -fmessage-length=0 -o 1-12.o "..\\1-12.c" 
gcc -o 1-12.exe 1-12.o 
Info: Nothing to build for 1-12
Info: Nothing to build for 1-03
Info: Nothing to build for 1-04
Info: Nothing to build for 1-05
Info: Nothing to build for 1-07
Info: Nothing to build for 1-08
20:22:07 **** Incremental Build of configuration Debug for project 1-12 ****
Info: Internal Builder is used for build
gcc -O0 -g3 -Wall -c -fmessage-length=0 -o 1-12.o "..\\1-12.c" 
gcc -o 1-12.exe 1-12.o 
c:/mingw/bin/../lib/gcc/mingw32/6.3.0/../../../../mingw32/bin/ld.exe: reopening 1-12.exe: Permission denied

c:/mingw/bin/../lib/gcc/mingw32/6.3.0/../../../../mingw32/bin/ld.exe: final link failed: Permission denied
collect2.exe: error: ld returned 1 exit status
Info: Nothing to build for 1-03
Info: Nothing to build for 1-04
Info: Nothing to build for 1-05
Info: Nothing to build for 1-07
Info: Nothing to build for 1-08
20:23:25 **** Incremental Build of configuration Debug for project 1-12 ****
Info: Internal Builder is used for build
gcc -o 1-12.exe 1-12.o 
Info: Nothing to build for 1-12
Info: Nothing to build for 1-03
Info: Nothing to build for 1-04
Info: Nothing to build for 1-05
Info: Nothing to build for 1-07
Info: Nothing to build for 1-08
20:24:39 **** Incremental Build of configuration Debug for project 1-12 ****
Info: Internal Builder is used for build
gcc -O0 -g3 -Wall -c -fmessage-length=0 -o 1-12.o "..\\1-12.c" 
..\1-12.c: In function 'main':
..\1-12.c:22:12: warning: format '%s' expects argument of type 'char *', but argument 2 has type 'char **' [-Wformat=]
   printf("%s\n", &buff);
            ^
gcc -o 1-12.exe 1-12.o 
Info: Nothing to build for 1-12
Info: Nothing to build for 1-03
Info: Nothing to build for 1-04
Info: Nothing to build for 1-05
Info: Nothing to build for 1-07
Info: Nothing to build for 1-08
20:25:40 **** Incremental Build of configuration Debug for project 1-12 ****
Info: Internal Builder is used for build
gcc -O0 -g3 -Wall -c -fmessage-length=0 -o 1-12.o "..\\1-12.c" 
..\1-12.c: In function 'main':
..\1-12.c:22:12: warning: format '%s' expects argument of type 'char *', but argument 2 has type 'char **' [-Wformat=]
   printf("%s\n", &buff);
            ^
gcc -o 1-12.exe 1-12.o 
Info: Nothing to build for 1-03
Info: Nothing to build for 1-04
Info: Nothing to build for 1-05
Info: Nothing to build for 1-07
Info: Nothing to build for 1-08
20:26:12 **** Incremental Build of configuration Debug for project 1-12 ****
Info: Internal Builder is used for build
gcc -O0 -g3 -Wall -c -fmessage-length=0 -o 1-12.o "..\\1-12.c" 
..\1-12.c: In function 'main':
..\1-12.c:24:12: warning: format '%s' expects argument of type 'char *', but argument 2 has type 'char **' [-Wformat=]
   printf("%s\n", &buff);
            ^
gcc -o 1-12.exe 1-12.o 
Info: Nothing to build for 1-12
Info: Nothing to build for 1-03
Info: Nothing to build for 1-04
Info: Nothing to build for 1-05
Info: Nothing to build for 1-07
Info: Nothing to build for 1-08
20:28:14 **** Incremental Build of configuration Debug for project 1-12 ****
Info: Internal Builder is used for build
gcc -O0 -g3 -Wall -c -fmessage-length=0 -o 1-12.o "..\\1-12.c" 
..\1-12.c: In function 'main':
..\1-12.c:6:15: warning: implicit declaration of function 'malloc' [-Wimplicit-function-declaration]
  char* buff = malloc(MAX_STR_LEN);
               ^~~~~~
..\1-12.c:6:15: warning: incompatible implicit declaration of built-in function 'malloc'
..\1-12.c:6:15: note: include '<stdlib.h>' or provide a declaration of 'malloc'
..\1-12.c:6:22: error: 'MAX_STR_LEN' undeclared (first use in this function)
  char* buff = malloc(MAX_STR_LEN);
                      ^~~~~~~~~~~
..\1-12.c:6:22: note: each undeclared identifier is reported only once for each function it appears in
Info: Nothing to build for 1-03
Info: Nothing to build for 1-04
Info: Nothing to build for 1-05
Info: Nothing to build for 1-07
Info: Nothing to build for 1-08
20:28:21 **** Incremental Build of configuration Debug for project 1-12 ****
Info: Internal Builder is used for build
gcc -O0 -g3 -Wall -c -fmessage-length=0 -o 1-12.o "..\\1-12.c" 
..\1-12.c: In function 'main':
..\1-12.c:6:15: warning: implicit declaration of function 'malloc' [-Wimplicit-function-declaration]
  char* buff = malloc(255);
               ^~~~~~
..\1-12.c:6:15: warning: incompatible implicit declaration of built-in function 'malloc'
..\1-12.c:6:15: note: include '<stdlib.h>' or provide a declaration of 'malloc'
gcc -o 1-12.exe 1-12.o 
Info: Nothing to build for 1-03
Info: Nothing to build for 1-04
Info: Nothing to build for 1-05
Info: Nothing to build for 1-07
Info: Nothing to build for 1-08
Info: Nothing to build for 1-12
Info: Nothing to build for 1-03
Info: Nothing to build for 1-04
Info: Nothing to build for 1-05
Info: Nothing to build for 1-07
Info: Nothing to build for 1-08
20:28:51 **** Incremental Build of configuration Debug for project 1-12 ****
Info: Internal Builder is used for build
gcc -O0 -g3 -Wall -c -fmessage-length=0 -o 1-12.o "..\\1-12.c" 
gcc -o 1-12.exe 1-12.o 
Info: Nothing to build for 1-12
Info: Nothing to build for 1-03
Info: Nothing to build for 1-04
Info: Nothing to build for 1-05
Info: Nothing to build for 1-07
Info: Nothing to build for 1-08
20:30:10 **** Incremental Build of configuration Debug for project 1-12 ****
Info: Internal Builder is used for build
gcc -O0 -g3 -Wall -c -fmessage-length=0 -o 1-12.o "..\\1-12.c" 
..\1-12.c: In function 'main':
..\1-12.c:23:3: warning: 'buff' may be used uninitialized in this function [-Wmaybe-uninitialized]
   printf("%s\n", buff);
   ^~~~~~~~~~~~~~~~~~~~
gcc -o 1-12.exe 1-12.o 
Info: Nothing to build for 1-12
Info: Nothing to build for 1-03
Info: Nothing to build for 1-04
Info: Nothing to build for 1-05
Info: Nothing to build for 1-07
Info: Nothing to build for 1-08
20:30:36 **** Incremental Build of configuration Debug for project 1-12 ****
Info: Internal Builder is used for build
gcc -O0 -g3 -Wall -c -fmessage-length=0 -o 1-12.o "..\\1-12.c" 
gcc -o 1-12.exe 1-12.o 
Info: Nothing to build for 1-12
Info: Nothing to build for 1-03
Info: Nothing to build for 1-04
Info: Nothing to build for 1-05
Info: Nothing to build for 1-07
Info: Nothing to build for 1-08
20:30:50 **** Incremental Build of configuration Debug for project 1-12 ****
Info: Internal Builder is used for build
gcc -O0 -g3 -Wall -c -fmessage-length=0 -o 1-12.o "..\\1-12.c" 
gcc -o 1-12.exe 1-12.o 
Info: Nothing to build for 1-12
Info: Nothing to build for 1-03
Info: Nothing to build for 1-04
Info: Nothing to build for 1-05
Info: Nothing to build for 1-07
Info: Nothing to build for 1-08
20:31:29 **** Incremental Build of configuration Debug for project 1-12 ****
Info: Internal Builder is used for build
gcc -O0 -g3 -Wall -c -fmessage-length=0 -o 1-12.o "..\\1-12.c" 
gcc -o 1-12.exe 1-12.o 
Info: Nothing to build for 1-12
Info: Nothing to build for 1-03
Info: Nothing to build for 1-04
Info: Nothing to build for 1-05
Info: Nothing to build for 1-07
Info: Nothing to build for 1-08
20:32:32 **** Incremental Build of configuration Debug for project 1-12 ****
Info: Internal Builder is used for build
gcc -O0 -g3 -Wall -c -fmessage-length=0 -o 1-12.o "..\\1-12.c" 
gcc -o 1-12.exe 1-12.o 
c:/mingw/bin/../lib/gcc/mingw32/6.3.0/../../../../mingw32/bin/ld.exe: cannot open output file 1-12.exe: Permission denied
collect2.exe: error: ld returned 1 exit status
Info: Nothing to build for 1-03
Info: Nothing to build for 1-04
Info: Nothing to build for 1-05
Info: Nothing to build for 1-07
Info: Nothing to build for 1-08
20:33:14 **** Incremental Build of configuration Debug for project 1-12 ****
Info: Internal Builder is used for build
gcc -o 1-12.exe 1-12.o 
Info: Nothing to build for 1-08
03:38:05 **** Rebuild of configuration Debug for project 1-13a ****
Info: Internal Builder is used for build
gcc -O0 -g3 -Wall -c -fmessage-length=0 -o 1-13a.o "..\\1-13a.c" 
gcc -o 1-13a.exe 1-13a.o 
c:/mingw/bin/../lib/gcc/mingw32/6.3.0/../../../libmingw32.a(main.o):(.text.startup+0xa0): undefined reference to `WinMain@16'
collect2.exe: error: ld returned 1 exit status
Info: Nothing to build for 1-08
03:38:36 **** Incremental Build of configuration Debug for project 1-13a ****
Info: Internal Builder is used for build
gcc -O0 -g3 -Wall -c -fmessage-length=0 -o 1-13a.o "..\\1-13a.c" 
..\1-13a.c: In function 'main':
..\1-13a.c:8:6: warning: unused variable 'wordLength' [-Wunused-variable]
  int wordLength[10];
      ^~~~~~~~~~
gcc -o 1-13a.exe 1-13a.o 
Info: Nothing to build for 1-08
03:41:43 **** Incremental Build of configuration Debug for project 1-13a ****
Info: Internal Builder is used for build
gcc -O0 -g3 -Wall -c -fmessage-length=0 -o 1-13a.o "..\\1-13a.c" 
..\1-13a.c: In function 'main':
..\1-13a.c:8:6: warning: unused variable 'wordLength' [-Wunused-variable]
  int wordLength[10];
      ^~~~~~~~~~
gcc -o 1-13a.exe 1-13a.o 
Info: Nothing to build for 1-13a
Info: Nothing to build for 1-08
03:42:48 **** Incremental Build of configuration Debug for project 1-13a ****
Info: Internal Builder is used for build
gcc -O0 -g3 -Wall -c -fmessage-length=0 -o 1-13a.o "..\\1-13a.c" 
..\1-13a.c: In function 'main':
..\1-13a.c:8:6: warning: unused variable 'wordLength' [-Wunused-variable]
  int wordLength[10];
      ^~~~~~~~~~
gcc -o 1-13a.exe 1-13a.o 
Info: Nothing to build for 1-13a
Info: Nothing to build for 1-08
04:07:30 **** Incremental Build of configuration Debug for project 1-13a ****
Info: Internal Builder is used for build
gcc -O0 -g3 -Wall -c -fmessage-length=0 -o 1-13a.o "..\\1-13a.c" 
gcc -o 1-13a.exe 1-13a.o 
c:/mingw/bin/../lib/gcc/mingw32/6.3.0/../../../../mingw32/bin/ld.exe: cannot open output file 1-13a.exe: Permission denied
collect2.exe: error: ld returned 1 exit status
Info: Nothing to build for 1-08
04:07:38 **** Incremental Build of configuration Debug for project 1-13a ****
Info: Internal Builder is used for build
gcc -o 1-13a.exe 1-13a.o 
c:/mingw/bin/../lib/gcc/mingw32/6.3.0/../../../../mingw32/bin/ld.exe: cannot open output file 1-13a.exe: Permission denied
collect2.exe: error: ld returned 1 exit status
Info: Nothing to build for 1-08
04:07:48 **** Incremental Build of configuration Debug for project 1-13a ****
Info: Internal Builder is used for build
gcc -o 1-13a.exe 1-13a.o 
Info: Nothing to build for 1-13a
Info: Nothing to build for 1-08
Info: Nothing to build for 1-13a
Info: Nothing to build for 1-08
04:10:20 **** Incremental Build of configuration Debug for project 1-13a ****
Info: Internal Builder is used for build
gcc -O0 -g3 -Wall -c -fmessage-length=0 -o 1-13a.o "..\\1-13a.c" 
gcc -o 1-13a.exe 1-13a.o 
Info: Nothing to build for 1-13a
Info: Nothing to build for 1-08
04:11:06 **** Incremental Build of configuration Debug for project 1-13a ****
Info: Internal Builder is used for build
gcc -O0 -g3 -Wall -c -fmessage-length=0 -o 1-13a.o "..\\1-13a.c" 
gcc -o 1-13a.exe 1-13a.o 
Info: Nothing to build for 1-13a
Info: Nothing to build for 1-13a
Info: Nothing to build for 1-08
04:14:05 **** Incremental Build of configuration Debug for project 1-13a ****
Info: Internal Builder is used for build
gcc -O0 -g3 -Wall -c -fmessage-length=0 -o 1-13a.o "..\\1-13a.c" 
gcc -o 1-13a.exe 1-13a.o 
Info: Nothing to build for 1-13a
Info: Nothing to build for 1-13a
Info: Nothing to build for 1-13a
Info: Nothing to build for 1-13a
Info: Nothing to build for 1-08
04:18:06 **** Incremental Build of configuration Debug for project 1-13a ****
Info: Internal Builder is used for build
gcc -O0 -g3 -Wall -c -fmessage-length=0 -o 1-13a.o "..\\1-13a.c" 
gcc -o 1-13a.exe 1-13a.o 
Info: Nothing to build for 1-13a
Info: Nothing to build for 1-08
04:19:00 **** Incremental Build of configuration Debug for project 1-13a ****
Info: Internal Builder is used for build
gcc -O0 -g3 -Wall -c -fmessage-length=0 -o 1-13a.o "..\\1-13a.c" 
gcc -o 1-13a.exe 1-13a.o 
Info: Nothing to build for 1-13a
Info: Nothing to build for 1-08
04:19:51 **** Incremental Build of configuration Debug for project 1-13a ****
Info: Internal Builder is used for build
gcc -O0 -g3 -Wall -c -fmessage-length=0 -o 1-13a.o "..\\1-13a.c" 
gcc -o 1-13a.exe 1-13a.o 
Info: Nothing to build for 1-13a
Info: Nothing to build for 1-13a
Info: Nothing to build for 1-08
Info: Nothing to build for 1-13a
Info: Nothing to build for 1-13a
Info: Nothing to build for 1-08
04:25:48 **** Incremental Build of configuration Debug for project 1-13a ****
Info: Internal Builder is used for build
gcc -O0 -g3 -Wall -c -fmessage-length=0 -o 1-13a.o "..\\1-13a.c" 
gcc -o 1-13a.exe 1-13a.o 
Info: Nothing to build for 1-13a
Info: Nothing to build for 1-08
04:26:01 **** Incremental Build of configuration Debug for project 1-13a ****
Info: Internal Builder is used for build
gcc -O0 -g3 -Wall -c -fmessage-length=0 -o 1-13a.o "..\\1-13a.c" 
gcc -o 1-13a.exe 1-13a.o 
Info: Nothing to build for 1-13a
Info: Nothing to build for 1-08
04:26:28 **** Incremental Build of configuration Debug for project 1-13a ****
Info: Internal Builder is used for build
gcc -O0 -g3 -Wall -c -fmessage-length=0 -o 1-13a.o "..\\1-13a.c" 
gcc -o 1-13a.exe 1-13a.o 
Info: Nothing to build for 1-13a
